<?xml version="1.0" encoding="UTF-8"?>
<!-- Generated by org.testng.reporters.JUnitReportReporter -->
<testsuite hostname="DESKTOP-L4HPMBD" name="com.Automation.Talks.demoProject2.TestClass1" tests="3" failures="0" timestamp="31 Jul 2019 22:50:46 GMT" time="56.083" errors="0">
  <testcase name="test2" time="20.682" classname="com.Automation.Talks.demoProject2.TestClass1"/>
  <testcase name="test1" time="16.979" classname="com.Automation.Talks.demoProject2.TestClass1"/>
  <testcase name="test3" time="18.422" classname="com.Automation.Talks.demoProject2.TestClass1"/>
</testsuite> <!-- com.Automation.Talks.demoProject2.TestClass1 -->
