<?xml version="1.0" encoding="UTF-8"?>
<!-- Generated by org.testng.reporters.JUnitReportReporter -->
<testsuite hostname="DESKTOP-L4HPMBD" name="com.Automation.Talks.demoProject2.TestClass1" tests="3" failures="0" timestamp="6 Aug 2019 17:21:24 GMT" time="76.312" errors="0">
  <testcase name="test3" time="28.491" classname="com.Automation.Talks.demoProject2.TestClass1"/>
  <testcase name="test2" time="25.807" classname="com.Automation.Talks.demoProject2.TestClass1"/>
  <testcase name="test1" time="22.014" classname="com.Automation.Talks.demoProject2.TestClass1"/>
</testsuite> <!-- com.Automation.Talks.demoProject2.TestClass1 -->
