<?xml version="1.0" encoding="UTF-8"?>
<!-- Generated by org.testng.reporters.JUnitReportReporter -->
<testsuite hostname="DESKTOP-L4HPMBD" name="com.Automation.Talks.demoProject2.TestClass1" tests="3" failures="0" timestamp="2 Aug 2019 21:59:12 GMT" time="57.882" errors="0">
  <testcase name="test3" time="18.318" classname="com.Automation.Talks.demoProject2.TestClass1"/>
  <testcase name="test2" time="19.680" classname="com.Automation.Talks.demoProject2.TestClass1"/>
  <testcase name="test1" time="19.884" classname="com.Automation.Talks.demoProject2.TestClass1"/>
</testsuite> <!-- com.Automation.Talks.demoProject2.TestClass1 -->
