<?xml version="1.0" encoding="UTF-8"?>
<!-- Generated by org.testng.reporters.JUnitReportReporter -->
<testsuite hostname="DESKTOP-L4HPMBD" name="com.Automation.Talks.demoProject2.TestClass1" tests="3" failures="0" timestamp="2 Aug 2019 22:37:11 GMT" time="57.910" errors="0">
  <testcase name="test3" time="19.822" classname="com.Automation.Talks.demoProject2.TestClass1"/>
  <testcase name="test2" time="19.540" classname="com.Automation.Talks.demoProject2.TestClass1"/>
  <testcase name="test1" time="18.548" classname="com.Automation.Talks.demoProject2.TestClass1"/>
</testsuite> <!-- com.Automation.Talks.demoProject2.TestClass1 -->
